#-----------------------------------------------------------
# Vivado v2016.2 (64-bit)
# SW Build 1577090 on Thu Jun  2 16:32:40 MDT 2016
# IP Build 1577682 on Fri Jun  3 12:00:54 MDT 2016
# Start of session at: Wed Oct 12 19:33:56 2016
# Process ID: 5788
# Current directory: C:/Users/Bschnedar/ALPHAMONSTER_LAB2
# Command line: vivado.exe -gui_launcher_event rodinguilauncherevent5708 C:\Users\Bschnedar\ALPHAMONSTER_LAB2\ALPHAMONSTER_LAB2.xpr
# Log file: C:/Users/Bschnedar/ALPHAMONSTER_LAB2/vivado.log
# Journal file: C:/Users/Bschnedar/ALPHAMONSTER_LAB2\vivado.jou
#-----------------------------------------------------------
start_gui
open_project C:/Users/Bschnedar/ALPHAMONSTER_LAB2/ALPHAMONSTER_LAB2.xpr
Scanning sources...
Finished scanning sources
INFO: [IP_Flow 19-234] Refreshing IP repositories
INFO: [IP_Flow 19-1704] No user IP repositories specified
INFO: [IP_Flow 19-2313] Loaded Vivado IP repository 'D:/xilinx/Vivado/2016.2/data/ip'.
open_project: Time (s): cpu = 00:00:16 ; elapsed = 00:00:05 . Memory (MB): peak = 775.223 ; gain = 112.914
update_compile_order -fileset sources_1
exit
INFO: [Common 17-206] Exiting Vivado at Wed Oct 12 19:39:58 2016...
